2024-11-24 10:50:16,716 - Starting the process to zip old CSV files.
2024-11-24 10:50:16,716 - No CSV file found to archive
2024-11-24 10:50:16,716 - No CSV file found to archive
2024-11-24 10:50:16,716 - No CSV file found to archive
2024-11-24 10:50:16,716 - No CSV file found to archive
2024-11-24 10:50:16,716 - No CSV file found to archive
2024-11-24 10:50:16,716 - No CSV file found to archive
2024-11-24 10:50:16,716 - No CSV file found to archive
2024-11-24 10:50:16,716 - No CSV file found to archive
2024-11-24 10:50:16,716 - No CSV file found to archive
2024-11-24 10:50:16,716 - No CSV file found to archive
2024-11-24 10:50:16,716 - No CSV file found to archive
2024-11-24 10:50:16,716 - No CSV file found to archive
2024-11-24 10:50:16,732 - No CSV file found to archive
2024-11-24 10:50:16,747 - No CSV file found to archive
2024-11-24 10:50:16,747 - No CSV file found to archive
2024-11-24 10:50:16,747 - No CSV file found to archive
2024-11-24 10:50:16,747 - No CSV file found to archive
2024-11-24 10:50:16,747 - No CSV file found to archive
2024-11-24 10:50:16,747 - No CSV file found to archive
2024-11-24 10:50:16,747 - No CSV file found to archive
2024-11-24 10:50:16,747 - No CSV file found to archive
2024-11-24 10:50:16,747 - No CSV file found to archive
2024-11-24 10:50:16,747 - No CSV file found to archive
2024-11-24 10:50:16,747 - No CSV file found to archive
2024-11-24 10:50:16,747 - No CSV file found to archive
2024-11-24 10:50:16,747 - No CSV file found to archive
2024-11-24 10:50:16,747 - No CSV file found to archive
2024-11-24 10:50:16,747 - No CSV file found to archive
2024-11-24 10:50:16,747 - No CSV file found to archive
2024-11-24 10:50:16,747 - No CSV file found to archive
2024-11-24 10:50:16,747 - No CSV file found to archive
2024-11-24 10:50:16,747 - No CSV file found to archive
2024-11-24 10:50:16,747 - No CSV file found to archive
2024-11-24 10:50:16,747 - No CSV file found to archive
2024-11-24 10:50:16,747 - No CSV file found to archive
2024-11-24 10:50:16,747 - No CSV file found to archive
2024-11-24 10:50:16,747 - No CSV file found to archive
2024-11-24 10:50:16,747 - No CSV file found to archive
2024-11-24 10:50:16,747 - No CSV file found to archive
2024-11-24 10:50:16,747 - No CSV file found to archive
2024-11-24 10:50:16,747 - No CSV file found to archive
2024-11-24 10:50:16,747 - No CSV file found to archive
2024-11-24 10:50:16,747 - No CSV file found to archive
2024-11-24 10:50:16,747 - No CSV file found to archive
2024-11-24 10:50:16,747 - No CSV file found to archive
2024-11-24 10:50:16,747 - No CSV file found to archive
2024-11-24 10:50:16,747 - No CSV file found to archive
2024-11-24 10:50:16,747 - No CSV file found to archive
2024-11-24 10:50:16,747 - No CSV file found to archive
2024-11-24 10:50:16,747 - No CSV file found to archive
2024-11-24 10:50:16,747 - No CSV file found to archive
2024-11-24 10:50:16,747 - No CSV file found to archive
2024-11-24 10:50:16,747 - No CSV file found to archive
2024-11-24 10:50:16,747 - No CSV file found to archive
2024-11-24 10:50:16,747 - No CSV file found to archive
2024-11-24 10:50:16,747 - No CSV file found to archive
2024-11-24 10:50:16,747 - No CSV file found to archive
2024-11-24 10:50:16,747 - No CSV file found to archive
2024-11-24 10:50:16,747 - No CSV file found to archive
2024-11-24 10:50:16,747 - No CSV file found to archive
2024-11-24 10:50:16,747 - No CSV file found to archive
2024-11-24 10:50:16,747 - No CSV file found to archive
2024-11-24 10:50:16,747 - No CSV file found to archive
2024-11-24 10:50:16,747 - No CSV file found to archive
2024-11-24 10:50:16,747 - No CSV file found to archive
2024-11-24 10:50:16,747 - No CSV file found to archive
2024-11-24 10:50:16,747 - No CSV file found to archive
2024-11-24 10:50:16,747 - No CSV file found to archive
2024-11-24 10:50:16,747 - No CSV file found to archive
2024-11-24 10:50:16,747 - No CSV file found to archive
2024-11-24 10:50:16,747 - No CSV file found to archive
2024-11-24 10:50:16,747 - No CSV file found to archive
2024-11-24 10:50:16,747 - No CSV file found to archive
2024-11-24 10:50:16,747 - No CSV file found to archive
2024-11-24 10:50:16,747 - No CSV file found to archive
2024-11-24 10:50:16,747 - No CSV file found to archive
2024-11-24 10:50:16,747 - No CSV file found to archive
2024-11-24 10:50:16,747 - No CSV file found to archive
2024-11-24 10:50:16,747 - No CSV file found to archive
2024-11-24 10:50:16,747 - No CSV file found to archive
2024-11-24 10:50:16,747 - No CSV file found to archive
2024-11-24 10:50:16,747 - No CSV file found to archive
2024-11-24 10:50:16,747 - No CSV file found to archive
2024-11-24 10:50:16,747 - No CSV file found to archive
2024-11-24 10:50:16,747 - No CSV file found to archive
2024-11-24 10:50:16,747 - No CSV file found to archive
2024-11-24 10:50:16,747 - No CSV file found to archive
2024-11-24 10:50:16,747 - No CSV file found to archive
2024-11-24 10:50:16,747 - No CSV file found to archive
2024-11-24 10:50:16,747 - No CSV file found to archive
2024-11-24 10:50:16,747 - No CSV file found to archive
2024-11-24 10:50:16,747 - No CSV file found to archive
2024-11-24 10:50:16,747 - No CSV file found to archive
2024-11-24 10:50:16,747 - No CSV file found to archive
2024-11-24 10:50:16,747 - No CSV file found to archive
2024-11-24 10:50:16,747 - No CSV file found to archive
2024-11-24 10:50:16,747 - No CSV file found to archive
2024-11-24 10:50:16,747 - No CSV file found to archive
2024-11-24 10:50:16,747 - No CSV file found to archive
2024-11-24 10:50:16,747 - No CSV file found to archive
2024-11-24 10:50:16,747 - No CSV file found to archive
2024-11-24 10:50:16,747 - No CSV file found to archive
2024-11-24 10:50:16,747 - No CSV file found to archive
2024-11-24 10:50:16,747 - No CSV file found to archive
2024-11-24 10:50:16,747 - No CSV file found to archive
2024-11-24 10:50:16,747 - No CSV file found to archive
2024-11-24 10:50:16,747 - No CSV file found to archive
2024-11-24 10:50:16,747 - No CSV file found to archive
2024-11-24 10:50:16,747 - No CSV file found to archive
2024-11-24 10:50:16,747 - No CSV file found to archive
2024-11-24 10:50:16,747 - No CSV file found to archive
2024-11-24 10:50:16,747 - No CSV file found to archive
2024-11-24 10:50:16,747 - No CSV file found to archive
2024-11-24 10:50:16,747 - No CSV file found to archive
2024-11-24 10:50:16,747 - No CSV file found to archive
2024-11-24 10:50:16,747 - No CSV file found to archive
2024-11-24 10:50:16,747 - No CSV file found to archive
2024-11-24 10:50:16,747 - No CSV file found to archive
2024-11-24 10:50:16,747 - No CSV file found to archive
2024-11-24 10:50:16,747 - No CSV file found to archive
2024-11-24 10:50:16,747 - No CSV file found to archive
2024-11-24 10:50:16,763 - No CSV file found to archive
2024-11-24 10:50:16,763 - No CSV file found to archive
2024-11-24 10:50:16,763 - No CSV file found to archive
2024-11-24 10:50:16,763 - No CSV file found to archive
2024-11-24 10:50:16,763 - No CSV file found to archive
2024-11-24 10:50:16,763 - No CSV file found to archive
2024-11-24 10:50:16,763 - No CSV file found to archive
2024-11-24 10:50:16,763 - No CSV file found to archive
2024-11-24 10:50:16,763 - No CSV file found to archive
2024-11-24 10:50:16,763 - No CSV file found to archive
2024-11-24 10:50:16,763 - No CSV file found to archive
2024-11-24 10:50:16,763 - No CSV file found to archive
2024-11-24 10:50:16,763 - No CSV file found to archive
2024-11-24 10:50:16,763 - No CSV file found to archive
2024-11-24 10:50:16,763 - No CSV file found to archive
2024-11-24 10:50:16,763 - No CSV file found to archive
2024-11-24 10:50:16,763 - No CSV file found to archive
2024-11-24 10:50:16,763 - No CSV file found to archive
2024-11-24 10:50:16,763 - No CSV file found to archive
2024-11-24 10:50:16,763 - No CSV file found to archive
2024-11-24 10:50:16,763 - No CSV file found to archive
2024-11-24 10:50:16,763 - No CSV file found to archive
2024-11-24 10:50:16,763 - No CSV file found to archive
2024-11-24 10:50:16,763 - No CSV file found to archive
2024-11-24 10:50:16,763 - No CSV file found to archive
2024-11-24 10:50:16,763 - No CSV file found to archive
2024-11-24 10:50:16,763 - No CSV file found to archive
2024-11-24 10:50:16,763 - No CSV file found to archive
2024-11-24 10:50:16,763 - No CSV file found to archive
2024-11-24 10:50:16,763 - No CSV file found to archive
2024-11-24 10:50:16,763 - No CSV file found to archive
2024-11-24 10:50:16,763 - No CSV file found to archive
2024-11-24 10:50:16,763 - No CSV file found to archive
2024-11-24 10:50:16,763 - No CSV file found to archive
2024-11-24 10:50:16,763 - No CSV file found to archive
2024-11-24 10:50:16,763 - No CSV file found to archive
2024-11-24 10:50:16,763 - No CSV file found to archive
2024-11-24 10:50:16,763 - No CSV file found to archive
2024-11-24 10:50:16,763 - No CSV file found to archive
2024-11-24 10:50:16,763 - No CSV file found to archive
2024-11-24 10:50:16,763 - No CSV file found to archive
2024-11-24 10:50:16,763 - No CSV file found to archive
2024-11-24 10:50:16,763 - No CSV file found to archive
2024-11-24 10:50:16,763 - No CSV file found to archive
2024-11-24 10:50:16,763 - No CSV file found to archive
2024-11-24 10:50:16,763 - No CSV file found to archive
2024-11-24 10:50:16,763 - No CSV file found to archive
2024-11-24 10:50:16,763 - No CSV file found to archive
2024-11-24 10:50:16,763 - No CSV file found to archive
2024-11-24 10:50:16,763 - No CSV file found to archive
2024-11-24 10:50:16,763 - No CSV file found to archive
2024-11-24 10:50:16,763 - No CSV file found to archive
2024-11-24 10:50:16,763 - No CSV file found to archive
2024-11-24 10:50:16,763 - No CSV file found to archive
2024-11-24 10:50:16,763 - No CSV file found to archive
2024-11-24 10:50:16,763 - No CSV file found to archive
2024-11-24 10:50:16,763 - No CSV file found to archive
2024-11-24 10:50:16,763 - No CSV file found to archive
2024-11-24 10:50:16,763 - No CSV file found to archive
2024-11-24 10:50:16,763 - No CSV file found to archive
2024-11-24 10:50:16,763 - No CSV file found to archive
2024-11-24 10:50:16,763 - No CSV file found to archive
2024-11-24 10:50:16,763 - No CSV file found to archive
2024-11-24 10:50:16,763 - No CSV file found to archive
2024-11-24 10:50:16,763 - No CSV file found to archive
2024-11-24 10:50:16,763 - No CSV file found to archive
2024-11-24 10:50:16,763 - No CSV file found to archive
2024-11-24 10:50:16,763 - No CSV file found to archive
2024-11-24 10:50:16,763 - No CSV file found to archive
2024-11-24 10:50:16,763 - No CSV file found to archive
2024-11-24 10:50:16,763 - No CSV file found to archive
2024-11-24 10:50:16,763 - No CSV file found to archive
2024-11-24 10:50:16,763 - No CSV file found to archive
2024-11-24 10:50:16,763 - No CSV file found to archive
2024-11-24 10:50:16,763 - No CSV file found to archive
2024-11-24 10:50:16,763 - No CSV file found to archive
2024-11-24 10:50:16,763 - No CSV file found to archive
2024-11-24 10:50:16,763 - No CSV file found to archive
2024-11-24 10:50:16,763 - No CSV file found to archive
2024-11-24 10:50:16,763 - No CSV file found to archive
2024-11-24 10:50:16,763 - No CSV file found to archive
2024-11-24 10:50:16,763 - No CSV file found to archive
2024-11-24 10:50:16,763 - No CSV file found to archive
2024-11-24 10:50:16,763 - No CSV file found to archive
2024-11-24 10:50:16,763 - No CSV file found to archive
2024-11-24 10:50:16,763 - No CSV file found to archive
2024-11-24 10:50:16,763 - No CSV file found to archive
2024-11-24 10:50:16,763 - No CSV file found to archive
2024-11-24 10:50:16,763 - No CSV file found to archive
2024-11-24 10:50:16,763 - No CSV file found to archive
2024-11-24 10:50:16,763 - No CSV file found to archive
2024-11-24 10:50:16,763 - No CSV file found to archive
2024-11-24 10:50:16,763 - No CSV file found to archive
2024-11-24 10:50:16,763 - No CSV file found to archive
2024-11-24 10:50:16,763 - No CSV file found to archive
2024-11-24 10:50:16,763 - No CSV file found to archive
2024-11-24 10:50:16,763 - No CSV file found to archive
2024-11-24 10:50:16,763 - No CSV file found to archive
2024-11-24 10:50:16,763 - No CSV file found to archive
2024-11-24 10:50:16,763 - No CSV file found to archive
2024-11-24 10:50:16,763 - No CSV file found to archive
2024-11-24 10:50:16,763 - No CSV file found to archive
2024-11-24 10:50:16,763 - No CSV file found to archive
2024-11-24 10:50:16,763 - No CSV file found to archive
2024-11-24 10:50:16,763 - No CSV file found to archive
2024-11-24 10:50:16,763 - No CSV file found to archive
2024-11-24 10:50:16,763 - No CSV file found to archive
2024-11-24 10:50:16,763 - No CSV file found to archive
2024-11-24 10:50:16,763 - No CSV file found to archive
2024-11-24 10:50:16,763 - No CSV file found to archive
2024-11-24 10:50:16,763 - No CSV file found to archive
2024-11-24 10:50:16,763 - No CSV file found to archive
2024-11-24 10:50:16,763 - No CSV file found to archive
2024-11-24 10:50:16,763 - No CSV file found to archive
2024-11-24 10:50:16,763 - No CSV file found to archive
2024-11-24 10:50:16,763 - No CSV file found to archive
2024-11-24 10:50:16,763 - No CSV file found to archive
2024-11-24 10:50:16,763 - No CSV file found to archive
2024-11-24 10:50:16,763 - No CSV file found to archive
2024-11-24 10:50:16,763 - No CSV file found to archive
2024-11-24 10:50:16,763 - No CSV file found to archive
2024-11-24 10:50:16,763 - No CSV file found to archive
2024-11-24 10:50:16,763 - No CSV file found to archive
2024-11-24 10:50:16,763 - No CSV file found to archive
2024-11-24 10:50:16,763 - No CSV file found to archive
2024-11-24 10:50:16,763 - No CSV file found to archive
2024-11-24 10:50:16,778 - No CSV file found to archive
2024-11-24 10:50:16,778 - No CSV file found to archive
2024-11-24 10:50:16,778 - No CSV file found to archive
2024-11-24 10:50:16,778 - No CSV file found to archive
2024-11-24 10:50:16,778 - No CSV file found to archive
2024-11-24 10:50:16,778 - No CSV file found to archive
2024-11-24 10:50:16,778 - No CSV file found to archive
2024-11-24 10:50:16,778 - No CSV file found to archive
2024-11-24 10:50:16,778 - No CSV file found to archive
2024-11-24 10:50:16,778 - No CSV file found to archive
2024-11-24 10:50:16,778 - No CSV file found to archive
2024-11-24 10:50:16,778 - No CSV file found to archive
2024-11-24 10:50:16,778 - No CSV file found to archive
2024-11-24 10:50:16,778 - No CSV file found to archive
2024-11-24 10:50:16,778 - No CSV file found to archive
2024-11-24 10:50:16,778 - No CSV file found to archive
2024-11-24 10:50:16,778 - No CSV file found to archive
2024-11-24 10:50:16,778 - No CSV file found to archive
2024-11-24 10:50:16,778 - No CSV file found to archive
2024-11-24 10:50:16,778 - No CSV file found to archive
2024-11-24 10:50:16,778 - No CSV file found to archive
2024-11-24 10:50:16,778 - No CSV file found to archive
2024-11-24 10:50:16,778 - No CSV file found to archive
2024-11-24 10:50:16,778 - No CSV file found to archive
2024-11-24 10:50:16,778 - No CSV file found to archive
2024-11-24 10:50:16,778 - No CSV file found to archive
2024-11-24 10:50:16,778 - Archive Function completed.
2024-11-24 10:50:16,778 - []
2024-11-24 10:50:16,778 - No csv file found to zip
2024-11-24 10:50:16,778 - Function zip completed
2024-11-24 10:50:16,919 - Found credentials in shared credentials file: ~/.aws/credentials
2024-11-24 10:50:17,200 -  The file 'E:/Alok_AWS/Devops_Notes/Python/csv file archive/archivedfiles/archived_csv_files.zip' was not found.
2024-11-24 10:50:19,800 - Email sent!!!
