2024-11-24 10:51:57,452 - Starting the process to zip old CSV files.
2024-11-24 10:51:57,452 - No CSV file found to archive
2024-11-24 10:51:57,452 - No CSV file found to archive
2024-11-24 10:51:57,452 - No CSV file found to archive
2024-11-24 10:51:57,452 - No CSV file found to archive
2024-11-24 10:51:57,452 - No CSV file found to archive
2024-11-24 10:51:57,452 - No CSV file found to archive
2024-11-24 10:51:57,452 - No CSV file found to archive
2024-11-24 10:51:57,452 - No CSV file found to archive
2024-11-24 10:51:57,452 - No CSV file found to archive
2024-11-24 10:51:57,452 - No CSV file found to archive
2024-11-24 10:51:57,452 - No CSV file found to archive
2024-11-24 10:51:57,452 - No CSV file found to archive
2024-11-24 10:51:57,452 - No CSV file found to archive
2024-11-24 10:51:57,452 - No CSV file found to archive
2024-11-24 10:51:57,452 - No CSV file found to archive
2024-11-24 10:51:57,452 - No CSV file found to archive
2024-11-24 10:51:57,452 - No CSV file found to archive
2024-11-24 10:51:57,452 - No CSV file found to archive
2024-11-24 10:51:57,452 - No CSV file found to archive
2024-11-24 10:51:57,452 - No CSV file found to archive
2024-11-24 10:51:57,452 - No CSV file found to archive
2024-11-24 10:51:57,452 - No CSV file found to archive
2024-11-24 10:51:57,452 - No CSV file found to archive
2024-11-24 10:51:57,452 - No CSV file found to archive
2024-11-24 10:51:57,452 - No CSV file found to archive
2024-11-24 10:51:57,452 - No CSV file found to archive
2024-11-24 10:51:57,452 - No CSV file found to archive
2024-11-24 10:51:57,452 - No CSV file found to archive
2024-11-24 10:51:57,452 - No CSV file found to archive
2024-11-24 10:51:57,452 - No CSV file found to archive
2024-11-24 10:51:57,452 - No CSV file found to archive
2024-11-24 10:51:57,452 - No CSV file found to archive
2024-11-24 10:51:57,452 - No CSV file found to archive
2024-11-24 10:51:57,452 - No CSV file found to archive
2024-11-24 10:51:57,452 - No CSV file found to archive
2024-11-24 10:51:57,452 - No CSV file found to archive
2024-11-24 10:51:57,452 - No CSV file found to archive
2024-11-24 10:51:57,452 - No CSV file found to archive
2024-11-24 10:51:57,452 - No CSV file found to archive
2024-11-24 10:51:57,452 - No CSV file found to archive
2024-11-24 10:51:57,452 - No CSV file found to archive
2024-11-24 10:51:57,452 - No CSV file found to archive
2024-11-24 10:51:57,452 - No CSV file found to archive
2024-11-24 10:51:57,452 - No CSV file found to archive
2024-11-24 10:51:57,452 - No CSV file found to archive
2024-11-24 10:51:57,452 - No CSV file found to archive
2024-11-24 10:51:57,452 - No CSV file found to archive
2024-11-24 10:51:57,452 - No CSV file found to archive
2024-11-24 10:51:57,452 - No CSV file found to archive
2024-11-24 10:51:57,452 - No CSV file found to archive
2024-11-24 10:51:57,452 - No CSV file found to archive
2024-11-24 10:51:57,452 - No CSV file found to archive
2024-11-24 10:51:57,452 - No CSV file found to archive
2024-11-24 10:51:57,452 - No CSV file found to archive
2024-11-24 10:51:57,452 - No CSV file found to archive
2024-11-24 10:51:57,452 - No CSV file found to archive
2024-11-24 10:51:57,452 - No CSV file found to archive
2024-11-24 10:51:57,452 - No CSV file found to archive
2024-11-24 10:51:57,452 - No CSV file found to archive
2024-11-24 10:51:57,452 - No CSV file found to archive
2024-11-24 10:51:57,452 - No CSV file found to archive
2024-11-24 10:51:57,452 - No CSV file found to archive
2024-11-24 10:51:57,452 - No CSV file found to archive
2024-11-24 10:51:57,468 - No CSV file found to archive
2024-11-24 10:51:57,468 - No CSV file found to archive
2024-11-24 10:51:57,468 - No CSV file found to archive
2024-11-24 10:51:57,468 - No CSV file found to archive
2024-11-24 10:51:57,468 - No CSV file found to archive
2024-11-24 10:51:57,468 - No CSV file found to archive
2024-11-24 10:51:57,468 - No CSV file found to archive
2024-11-24 10:51:57,468 - No CSV file found to archive
2024-11-24 10:51:57,468 - No CSV file found to archive
2024-11-24 10:51:57,468 - No CSV file found to archive
2024-11-24 10:51:57,468 - No CSV file found to archive
2024-11-24 10:51:57,468 - No CSV file found to archive
2024-11-24 10:51:57,468 - No CSV file found to archive
2024-11-24 10:51:57,468 - No CSV file found to archive
2024-11-24 10:51:57,468 - No CSV file found to archive
2024-11-24 10:51:57,468 - No CSV file found to archive
2024-11-24 10:51:57,468 - No CSV file found to archive
2024-11-24 10:51:57,468 - No CSV file found to archive
2024-11-24 10:51:57,468 - No CSV file found to archive
2024-11-24 10:51:57,468 - No CSV file found to archive
2024-11-24 10:51:57,468 - No CSV file found to archive
2024-11-24 10:51:57,468 - No CSV file found to archive
2024-11-24 10:51:57,468 - No CSV file found to archive
2024-11-24 10:51:57,468 - No CSV file found to archive
2024-11-24 10:51:57,468 - No CSV file found to archive
2024-11-24 10:51:57,468 - No CSV file found to archive
2024-11-24 10:51:57,468 - No CSV file found to archive
2024-11-24 10:51:57,468 - No CSV file found to archive
2024-11-24 10:51:57,468 - No CSV file found to archive
2024-11-24 10:51:57,468 - No CSV file found to archive
2024-11-24 10:51:57,468 - No CSV file found to archive
2024-11-24 10:51:57,468 - No CSV file found to archive
2024-11-24 10:51:57,468 - No CSV file found to archive
2024-11-24 10:51:57,468 - No CSV file found to archive
2024-11-24 10:51:57,468 - No CSV file found to archive
2024-11-24 10:51:57,468 - No CSV file found to archive
2024-11-24 10:51:57,468 - No CSV file found to archive
2024-11-24 10:51:57,468 - No CSV file found to archive
2024-11-24 10:51:57,468 - No CSV file found to archive
2024-11-24 10:51:57,468 - No CSV file found to archive
2024-11-24 10:51:57,468 - No CSV file found to archive
2024-11-24 10:51:57,468 - No CSV file found to archive
2024-11-24 10:51:57,468 - No CSV file found to archive
2024-11-24 10:51:57,468 - No CSV file found to archive
2024-11-24 10:51:57,468 - No CSV file found to archive
2024-11-24 10:51:57,468 - No CSV file found to archive
2024-11-24 10:51:57,468 - No CSV file found to archive
2024-11-24 10:51:57,468 - No CSV file found to archive
2024-11-24 10:51:57,468 - No CSV file found to archive
2024-11-24 10:51:57,468 - No CSV file found to archive
2024-11-24 10:51:57,468 - No CSV file found to archive
2024-11-24 10:51:57,468 - No CSV file found to archive
2024-11-24 10:51:57,468 - No CSV file found to archive
2024-11-24 10:51:57,468 - No CSV file found to archive
2024-11-24 10:51:57,468 - No CSV file found to archive
2024-11-24 10:51:57,468 - No CSV file found to archive
2024-11-24 10:51:57,468 - No CSV file found to archive
2024-11-24 10:51:57,468 - No CSV file found to archive
2024-11-24 10:51:57,468 - No CSV file found to archive
2024-11-24 10:51:57,468 - No CSV file found to archive
2024-11-24 10:51:57,468 - No CSV file found to archive
2024-11-24 10:51:57,468 - No CSV file found to archive
2024-11-24 10:51:57,468 - No CSV file found to archive
2024-11-24 10:51:57,468 - No CSV file found to archive
2024-11-24 10:51:57,468 - No CSV file found to archive
2024-11-24 10:51:57,468 - No CSV file found to archive
2024-11-24 10:51:57,468 - No CSV file found to archive
2024-11-24 10:51:57,468 - No CSV file found to archive
2024-11-24 10:51:57,468 - No CSV file found to archive
2024-11-24 10:51:57,468 - No CSV file found to archive
2024-11-24 10:51:57,468 - No CSV file found to archive
2024-11-24 10:51:57,468 - No CSV file found to archive
2024-11-24 10:51:57,468 - No CSV file found to archive
2024-11-24 10:51:57,468 - No CSV file found to archive
2024-11-24 10:51:57,468 - No CSV file found to archive
2024-11-24 10:51:57,468 - No CSV file found to archive
2024-11-24 10:51:57,468 - No CSV file found to archive
2024-11-24 10:51:57,468 - No CSV file found to archive
2024-11-24 10:51:57,468 - No CSV file found to archive
2024-11-24 10:51:57,468 - No CSV file found to archive
2024-11-24 10:51:57,468 - No CSV file found to archive
2024-11-24 10:51:57,468 - No CSV file found to archive
2024-11-24 10:51:57,468 - No CSV file found to archive
2024-11-24 10:51:57,468 - No CSV file found to archive
2024-11-24 10:51:57,468 - No CSV file found to archive
2024-11-24 10:51:57,468 - No CSV file found to archive
2024-11-24 10:51:57,468 - No CSV file found to archive
2024-11-24 10:51:57,468 - No CSV file found to archive
2024-11-24 10:51:57,468 - No CSV file found to archive
2024-11-24 10:51:57,468 - No CSV file found to archive
2024-11-24 10:51:57,468 - No CSV file found to archive
2024-11-24 10:51:57,468 - No CSV file found to archive
2024-11-24 10:51:57,468 - No CSV file found to archive
2024-11-24 10:51:57,468 - No CSV file found to archive
2024-11-24 10:51:57,468 - No CSV file found to archive
2024-11-24 10:51:57,468 - No CSV file found to archive
2024-11-24 10:51:57,468 - No CSV file found to archive
2024-11-24 10:51:57,468 - No CSV file found to archive
2024-11-24 10:51:57,468 - No CSV file found to archive
2024-11-24 10:51:57,468 - No CSV file found to archive
2024-11-24 10:51:57,468 - No CSV file found to archive
2024-11-24 10:51:57,468 - No CSV file found to archive
2024-11-24 10:51:57,468 - No CSV file found to archive
2024-11-24 10:51:57,468 - No CSV file found to archive
2024-11-24 10:51:57,468 - No CSV file found to archive
2024-11-24 10:51:57,468 - No CSV file found to archive
2024-11-24 10:51:57,468 - No CSV file found to archive
2024-11-24 10:51:57,468 - No CSV file found to archive
2024-11-24 10:51:57,468 - No CSV file found to archive
2024-11-24 10:51:57,468 - No CSV file found to archive
2024-11-24 10:51:57,468 - No CSV file found to archive
2024-11-24 10:51:57,468 - No CSV file found to archive
2024-11-24 10:51:57,468 - No CSV file found to archive
2024-11-24 10:51:57,468 - No CSV file found to archive
2024-11-24 10:51:57,468 - No CSV file found to archive
2024-11-24 10:51:57,468 - No CSV file found to archive
2024-11-24 10:51:57,468 - No CSV file found to archive
2024-11-24 10:51:57,468 - No CSV file found to archive
2024-11-24 10:51:57,468 - No CSV file found to archive
2024-11-24 10:51:57,468 - No CSV file found to archive
2024-11-24 10:51:57,468 - No CSV file found to archive
2024-11-24 10:51:57,468 - No CSV file found to archive
2024-11-24 10:51:57,468 - No CSV file found to archive
2024-11-24 10:51:57,468 - No CSV file found to archive
2024-11-24 10:51:57,468 - No CSV file found to archive
2024-11-24 10:51:57,468 - No CSV file found to archive
2024-11-24 10:51:57,468 - No CSV file found to archive
2024-11-24 10:51:57,468 - No CSV file found to archive
2024-11-24 10:51:57,483 - No CSV file found to archive
2024-11-24 10:51:57,483 - No CSV file found to archive
2024-11-24 10:51:57,483 - No CSV file found to archive
2024-11-24 10:51:57,483 - No CSV file found to archive
2024-11-24 10:51:57,483 - No CSV file found to archive
2024-11-24 10:51:57,483 - No CSV file found to archive
2024-11-24 10:51:57,483 - No CSV file found to archive
2024-11-24 10:51:57,483 - No CSV file found to archive
2024-11-24 10:51:57,483 - No CSV file found to archive
2024-11-24 10:51:57,483 - No CSV file found to archive
2024-11-24 10:51:57,483 - No CSV file found to archive
2024-11-24 10:51:57,483 - No CSV file found to archive
2024-11-24 10:51:57,483 - No CSV file found to archive
2024-11-24 10:51:57,483 - No CSV file found to archive
2024-11-24 10:51:57,483 - No CSV file found to archive
2024-11-24 10:51:57,483 - No CSV file found to archive
2024-11-24 10:51:57,483 - No CSV file found to archive
2024-11-24 10:51:57,483 - No CSV file found to archive
2024-11-24 10:51:57,483 - No CSV file found to archive
2024-11-24 10:51:57,483 - No CSV file found to archive
2024-11-24 10:51:57,483 - No CSV file found to archive
2024-11-24 10:51:57,483 - No CSV file found to archive
2024-11-24 10:51:57,483 - No CSV file found to archive
2024-11-24 10:51:57,483 - No CSV file found to archive
2024-11-24 10:51:57,483 - No CSV file found to archive
2024-11-24 10:51:57,483 - No CSV file found to archive
2024-11-24 10:51:57,483 - No CSV file found to archive
2024-11-24 10:51:57,483 - No CSV file found to archive
2024-11-24 10:51:57,483 - No CSV file found to archive
2024-11-24 10:51:57,483 - No CSV file found to archive
2024-11-24 10:51:57,483 - No CSV file found to archive
2024-11-24 10:51:57,483 - No CSV file found to archive
2024-11-24 10:51:57,483 - No CSV file found to archive
2024-11-24 10:51:57,483 - No CSV file found to archive
2024-11-24 10:51:57,483 - No CSV file found to archive
2024-11-24 10:51:57,483 - No CSV file found to archive
2024-11-24 10:51:57,483 - No CSV file found to archive
2024-11-24 10:51:57,483 - No CSV file found to archive
2024-11-24 10:51:57,483 - No CSV file found to archive
2024-11-24 10:51:57,483 - No CSV file found to archive
2024-11-24 10:51:57,483 - No CSV file found to archive
2024-11-24 10:51:57,483 - No CSV file found to archive
2024-11-24 10:51:57,483 - No CSV file found to archive
2024-11-24 10:51:57,483 - No CSV file found to archive
2024-11-24 10:51:57,483 - No CSV file found to archive
2024-11-24 10:51:57,483 - No CSV file found to archive
2024-11-24 10:51:57,483 - No CSV file found to archive
2024-11-24 10:51:57,483 - No CSV file found to archive
2024-11-24 10:51:57,483 - No CSV file found to archive
2024-11-24 10:51:57,483 - No CSV file found to archive
2024-11-24 10:51:57,483 - No CSV file found to archive
2024-11-24 10:51:57,483 - No CSV file found to archive
2024-11-24 10:51:57,483 - No CSV file found to archive
2024-11-24 10:51:57,483 - No CSV file found to archive
2024-11-24 10:51:57,483 - No CSV file found to archive
2024-11-24 10:51:57,483 - No CSV file found to archive
2024-11-24 10:51:57,483 - No CSV file found to archive
2024-11-24 10:51:57,483 - No CSV file found to archive
2024-11-24 10:51:57,483 - No CSV file found to archive
2024-11-24 10:51:57,483 - No CSV file found to archive
2024-11-24 10:51:57,483 - No CSV file found to archive
2024-11-24 10:51:57,483 - No CSV file found to archive
2024-11-24 10:51:57,483 - No CSV file found to archive
2024-11-24 10:51:57,483 - No CSV file found to archive
2024-11-24 10:51:57,483 - No CSV file found to archive
2024-11-24 10:51:57,483 - No CSV file found to archive
2024-11-24 10:51:57,483 - No CSV file found to archive
2024-11-24 10:51:57,483 - No CSV file found to archive
2024-11-24 10:51:57,483 - No CSV file found to archive
2024-11-24 10:51:57,483 - No CSV file found to archive
2024-11-24 10:51:57,483 - No CSV file found to archive
2024-11-24 10:51:57,483 - No CSV file found to archive
2024-11-24 10:51:57,483 - No CSV file found to archive
2024-11-24 10:51:57,483 - No CSV file found to archive
2024-11-24 10:51:57,483 - No CSV file found to archive
2024-11-24 10:51:57,483 - No CSV file found to archive
2024-11-24 10:51:57,483 - No CSV file found to archive
2024-11-24 10:51:57,483 - No CSV file found to archive
2024-11-24 10:51:57,483 - No CSV file found to archive
2024-11-24 10:51:57,483 - No CSV file found to archive
2024-11-24 10:51:57,483 - No CSV file found to archive
2024-11-24 10:51:57,483 - No CSV file found to archive
2024-11-24 10:51:57,483 - Archive Function completed.
2024-11-24 10:51:57,483 - []
2024-11-24 10:51:57,483 - No csv file found to zip
2024-11-24 10:51:57,483 - Function zip completed
2024-11-24 10:51:57,608 - Found credentials in shared credentials file: ~/.aws/credentials
2024-11-24 10:51:57,889 -  The file 'E:/Alok_AWS/Devops_Notes/Python/csv file archive/archivedfiles/archived_csv_files.zip' was not found.
2024-11-24 10:51:59,534 - Email sent!!!
