2024-12-11 11:03:11,326 - Starting the process to zip old CSV files.
2024-12-11 11:03:11,353 - File found and moving the file H:\\test\alok.csv to temp location
2024-12-11 11:03:11,354 - File found and moving the file H:\\test\file.csv to temp location
2024-12-11 11:03:11,355 - File found and moving the file H:\\test\file2.csv to temp location
2024-12-11 11:03:11,357 - File found and moving the file H:\\test\file3.csv to temp location
2024-12-11 11:03:11,358 - File found and moving the file H:\\test\file4.csv to temp location
2024-12-11 11:03:11,358 - Archive Function completed.
2024-12-11 11:03:11,373 - 1_alok.csv is Zipped into archived_csv_files_2024-12-11_11-03-11.zip.
2024-12-11 11:03:11,374 - Deleted 1_alok.csv after zipping.
2024-12-11 11:03:11,376 - 2_file.csv is Zipped into archived_csv_files_2024-12-11_11-03-11.zip.
2024-12-11 11:03:11,376 - Deleted 2_file.csv after zipping.
2024-12-11 11:03:11,377 - 3_file2.csv is Zipped into archived_csv_files_2024-12-11_11-03-11.zip.
2024-12-11 11:03:11,378 - Deleted 3_file2.csv after zipping.
2024-12-11 11:03:11,379 - 4_file3.csv is Zipped into archived_csv_files_2024-12-11_11-03-11.zip.
2024-12-11 11:03:11,380 - Deleted 4_file3.csv after zipping.
2024-12-11 11:03:11,382 - 5_file4.csv is Zipped into archived_csv_files_2024-12-11_11-03-11.zip.
2024-12-11 11:03:11,382 - Deleted 5_file4.csv after zipping.
2024-12-11 11:03:11,382 - All the 15 days old csv files added into archived_csv_files_2024-12-11_11-03-11.zip
2024-12-11 11:03:11,383 - Function zip completed
2024-12-11 11:03:11,459 - Found credentials in shared credentials file: ~/.aws/credentials
2024-12-11 11:03:11,736 - SQL file 'E:\Alok_AWS\Devops_Notes\Python\sql\DB_file\archived_files_data.sql' successfully created.
2024-12-11 11:03:14,266 - File 'archived_csv_files_2024-12-11_11-03-11.zip' successfully uploaded to bucket : csvfilecleanupalok.
2024-12-11 11:03:15,918 - Email sent!, Task completed
