2025-01-22 06:40:50,072 - Starting EU shift report tool
2025-01-22 06:40:50,072 - send email function triggered
2025-01-22 06:40:51,889 - read_excel_send_email function executing
2025-01-22 06:40:53,532 - data found from excel
2025-01-22 06:40:53,532 - data fetched for deployment production
2025-01-22 06:40:53,532 - data fetched for deployment staging
2025-01-22 06:40:53,532 - data fetched for Cloud portal tasks
2025-01-22 06:40:53,532 - data fetched for saas memo staging
2025-01-22 06:40:53,532 - data fetched for saas memo production
2025-01-22 06:40:53,532 - data fetched for sales force staging
2025-01-22 06:40:53,532 - data fetched for sales force production
2025-01-22 06:40:53,532 - data fetched for other updates on staging
2025-01-22 06:40:53,552 - data fetched for other updates on production
2025-01-22 06:40:53,553 - data fetched for SEV 1 incident for today
2025-01-22 06:40:53,553 - data fetched for Daily cloud service report
2025-01-22 06:40:53,553 - data fetched for Bastion rotation on staging
2025-01-22 06:40:53,553 - data fetched for Bastion rotation on staging
2025-01-22 06:40:53,553 - data fetched for redis memory on staging
2025-01-22 06:40:53,553 - data fetched for redis memory on production
2025-01-22 06:40:56,688 - Error sending email: The security token included in the request is invalid.
2025-01-22 06:40:56,689 - read_excel_send_email function triggered
