2024-12-11 12:15:38,443 - Starting the process to zip old log files.
2024-12-11 12:15:38,463 - File found and moving the file H:\\test\alok.log to temp location
2024-12-11 12:15:38,464 - File found and moving the file H:\\test\file.log to temp location
2024-12-11 12:15:38,484 - File found and moving the file H:\\test\file2.log to temp location
2024-12-11 12:15:38,485 - File found and moving the file H:\\test\file3.log to temp location
2024-12-11 12:15:38,487 - File found and moving the file H:\\test\file4.log to temp location
2024-12-11 12:15:38,487 - Archive Function completed.
2024-12-11 12:15:38,504 - '1_alok.log' is Zipped into 'archived_log_files_2024-12-11_12-15-38.zip'.
2024-12-11 12:15:38,504 - Deleted 1_alok.log after zipping.
2024-12-11 12:15:38,506 - '2_file.log' is Zipped into 'archived_log_files_2024-12-11_12-15-38.zip'.
2024-12-11 12:15:38,507 - Deleted 2_file.log after zipping.
2024-12-11 12:15:38,508 - '3_file2.log' is Zipped into 'archived_log_files_2024-12-11_12-15-38.zip'.
2024-12-11 12:15:38,508 - Deleted 3_file2.log after zipping.
2024-12-11 12:15:38,510 - '4_file3.log' is Zipped into 'archived_log_files_2024-12-11_12-15-38.zip'.
2024-12-11 12:15:38,510 - Deleted 4_file3.log after zipping.
2024-12-11 12:15:38,513 - '5_file4.log' is Zipped into 'archived_log_files_2024-12-11_12-15-38.zip'.
2024-12-11 12:15:38,513 - Deleted 5_file4.log after zipping.
2024-12-11 12:15:38,513 - All the 15 days old log files added into archived_log_files_2024-12-11_12-15-38.zip
2024-12-11 12:15:38,514 - SQL file 'E:\Alok_AWS\Devops_Notes\Python\sql\DB_file\archived_files_data.sql' successfully created.
2024-12-11 12:15:38,514 - Function zip completed
2024-12-11 12:15:38,588 - Found credentials in shared credentials file: ~/.aws/credentials
2024-12-11 12:15:41,454 - File 'archived_log_files_2024-12-11_12-15-38.zip' successfully uploaded to bucket : csvfilecleanupalok.
2024-12-11 12:15:43,141 - Email sent!, Task completed
